<?xml version="1.0" encoding="UTF-8"?>
<!-- Generated by org.testng.reporters.JUnitReportReporter -->
<testsuite hostname="DESKTOP-P48RNKU" failures="0" tests="5" name="nmsTestcases.NmsPunchInTestcases" time="168.024" errors="0" timestamp="2024-12-11T11:39:31 IST" skipped="0">
  <testcase classname="nmsTestcases.NmsPunchInTestcases" name="attendance" time="13.187"/>
  <testcase classname="nmsTestcases.NmsPunchInTestcases" name="attendance" time="40.964"/>
  <testcase classname="nmsTestcases.NmsPunchInTestcases" name="attendance" time="41.410"/>
  <testcase classname="nmsTestcases.NmsPunchInTestcases" name="attendance" time="41.327"/>
  <testcase classname="nmsTestcases.NmsPunchInTestcases" name="attendance" time="31.136"/>
</testsuite> <!-- nmsTestcases.NmsPunchInTestcases -->
