<?xml version="1.0" encoding="UTF-8"?>
<!-- Generated by org.testng.reporters.JUnitReportReporter -->
<testsuite hostname="DESKTOP-P48RNKU" failures="0" tests="2" name="nmsTestcases.NmsLoginTestcases$NmsOrganisationTestcases" time="0.933" errors="0" timestamp="2024-11-29T22:55:58 IST" skipped="0">
  <testcase classname="nmsTestcases.NmsLoginTestcases$NmsOrganisationTestcases" name="authentication" time="0.444"/>
  <testcase classname="nmsTestcases.NmsLoginTestcases$NmsOrganisationTestcases" name="authentication" time="0.489"/>
</testsuite> <!-- nmsTestcases.NmsLoginTestcases$NmsOrganisationTestcases -->
