<?xml version="1.0" encoding="UTF-8"?>
<!-- Generated by org.testng.reporters.JUnitReportReporter -->
<testsuite hostname="DESKTOP-P48RNKU" failures="0" tests="2" name="nmsTestcases.NmsLoginTestcases" time="5.633" errors="0" timestamp="2024-12-11T11:39:31 IST" skipped="0">
  <testcase classname="nmsTestcases.NmsLoginTestcases" name="authentication" time="2.414"/>
  <testcase classname="nmsTestcases.NmsLoginTestcases" name="authentication" time="3.219"/>
</testsuite> <!-- nmsTestcases.NmsLoginTestcases -->
